<?xml version="1.0" encoding="UTF-8"?>
<!-- Generated by org.testng.reporters.JUnitReportReporter -->
<testsuite skipped="1" hostname="LAPTOP-U6N7CFLI" name="testngFiles2.DependencyAnnot" tests="6" failures="0" timestamp="16 Apr 2017 07:48:04 GMT" time="0.023" errors="0">
  <testcase name="OpeningBrowser" time="0.005" classname="testngFiles2.DependencyAnnot"/>
  <testcase name="FlightBooking" time="0.001" classname="testngFiles2.DependencyAnnot"/>
  <testcase name="LogiPage" time="0.001" classname="testngFiles2.DependencyAnnot"/>
  <testcase name="CreditCardPayment" time="0.015" classname="testngFiles2.DependencyAnnot"/>
  <testcase name="HomePage" time="0.001" classname="testngFiles2.DependencyAnnot"/>
  <testcase name="PaymentPage" classname="testngFiles2.DependencyAnnot">
    <skipped/>
  </testcase> <!-- PaymentPage -->
</testsuite> <!-- testngFiles2.DependencyAnnot -->
