<?xml version="1.0" encoding="UTF-8"?>
<!-- Generated by org.testng.reporters.JUnitReportReporter -->
<testsuite skipped="0" hostname="LAPTOP-U6N7CFLI" name="testngFiles2.Annot2" tests="2" failures="0" timestamp="16 Apr 2017 07:48:04 GMT" time="0.011" errors="0">
  <testcase name="CodechangecheckJenkin" time="0.008" classname="testngFiles2.Annot2"/>
  <testcase name="NewTestForJenkin" time="0.003" classname="testngFiles2.Annot2"/>
</testsuite> <!-- testngFiles2.Annot2 -->
