<?xml version="1.0" encoding="UTF-8"?>
<!-- Generated by org.testng.reporters.JUnitReportReporter -->
<testsuite skipped="0" hostname="LAPTOP-U6N7CFLI" name="testngFiles.Annotations" tests="1" failures="0" timestamp="16 Apr 2017 07:56:08 GMT" time="0.011" errors="0">
  <testcase name="AOpeningBrowser" time="0.011" classname="testngFiles.Annotations"/>
</testsuite> <!-- testngFiles.Annotations -->
