<?xml version="1.0" encoding="UTF-8"?>
<!-- Generated by org.testng.reporters.JUnitReportReporter -->
<testsuite skipped="0" hostname="LAPTOP-U6N7CFLI" name="testngFiles2.Annot2" tests="2" failures="0" timestamp="09 Apr 2017 08:19:34 GMT" time="0.034" errors="0">
  <testcase name="CodechangecheckJenkin" time="0.034" classname="testngFiles2.Annot2"/>
  <testcase name="NewTestForJenkin" time="0.000" classname="testngFiles2.Annot2"/>
</testsuite> <!-- testngFiles2.Annot2 -->
