<?xml version="1.0" encoding="UTF-8"?>
<!-- Generated by org.testng.reporters.JUnitReportReporter -->
<testsuite skipped="0" hostname="LAPTOP-U6N7CFLI" name="testngFiles.Annotations" tests="1" failures="0" timestamp="09 Apr 2017 08:55:37 GMT" time="0.020" errors="0">
  <testcase name="AOpeningBrowser" time="0.020" classname="testngFiles.Annotations"/>
</testsuite> <!-- testngFiles.Annotations -->
