<?xml version="1.0" encoding="UTF-8"?>
<!-- Generated by org.testng.reporters.JUnitReportReporter -->
<testsuite skipped="1" hostname="LAPTOP-U6N7CFLI" name="testngFiles2.DependencyAnnot" tests="6" failures="0" timestamp="09 Apr 2017 08:19:34 GMT" time="0.021" errors="0">
  <testcase name="OpeningBrowser" time="0.000" classname="testngFiles2.DependencyAnnot"/>
  <testcase name="FlightBooking" time="0.000" classname="testngFiles2.DependencyAnnot"/>
  <testcase name="LogiPage" time="0.000" classname="testngFiles2.DependencyAnnot"/>
  <testcase name="CreditCardPayment" time="0.017" classname="testngFiles2.DependencyAnnot"/>
  <testcase name="HomePage" time="0.004" classname="testngFiles2.DependencyAnnot"/>
  <testcase name="PaymentPage" classname="testngFiles2.DependencyAnnot">
    <skipped/>
  </testcase> <!-- PaymentPage -->
</testsuite> <!-- testngFiles2.DependencyAnnot -->
