<?xml version="1.0" encoding="UTF-8"?>
<!-- Generated by org.testng.reporters.JUnitReportReporter -->
<testsuite skipped="0" hostname="LAPTOP-U6N7CFLI" name="testngFiles2.Annotations" tests="2" failures="0" timestamp="16 Apr 2017 07:48:04 GMT" time="0.004" errors="0">
  <testcase name="FlightBooking" time="0.002" classname="testngFiles2.Annotations"/>
  <testcase name="AOpeningBrowser" time="0.002" classname="testngFiles2.Annotations"/>
</testsuite> <!-- testngFiles2.Annotations -->
