<?xml version="1.0" encoding="UTF-8"?>
<!-- Generated by org.testng.reporters.JUnitReportReporter -->
<testsuite skipped="0" hostname="LAPTOP-U6N7CFLI" name="PackTwo.Annotations" tests="3" failures="0" timestamp="16 Apr 2017 07:48:04 GMT" time="0.026" errors="0">
  <testcase name="FlightCancel" time="0.011" classname="PackTwo.Annotations"/>
  <testcase name="AOpeningBrowser" time="0.009" classname="PackTwo.Annotations"/>
  <testcase name="FlightBooking" time="0.006" classname="PackTwo.Annotations"/>
</testsuite> <!-- PackTwo.Annotations -->
